<?xml version="1.0" encoding="UTF-8"?>
<!-- Generated by org.testng.reporters.JUnitReportReporter -->
<testsuite hostname="147dda8202cd.ant.amazon.com" failures="0" tests="1" name="com.task.automation.test.SignIn" time="53.961" errors="0" timestamp="2022-04-09T19:30:37 IST" skipped="0">
  <testcase classname="com.task.automation.test.SignIn" name="verifyCreateNewUserWithValid" time="53.961"/>
  <system-out/>
</testsuite> <!-- com.task.automation.test.SignIn -->
