<?xml version="1.0" encoding="UTF-8"?>
<!-- Generated by org.testng.reporters.JUnitReportReporter -->
<testsuite skipped="0" hostname="GS-5241" name="com.task.automation.test.HomeScreen" tests="1" failures="0" timestamp="2020-08-30T19:49:54 IST" time="54.415" errors="0">
  <testcase name="TC_searchData" time="54.415" classname="com.task.automation.test.HomeScreen"/>
</testsuite> <!-- com.task.automation.test.HomeScreen -->
