<?xml version="1.0" encoding="UTF-8"?>
<!-- Generated by org.testng.reporters.JUnitReportReporter -->
<testsuite hostname="147dda8202cd.ant.amazon.com" failures="0" tests="2" name="com.task.automation.test.TestNG" time="0.007" errors="0" timestamp="2021-11-22T08:59:05 IST" skipped="0">
  <testcase classname="com.task.automation.test.TestNG" name="f" time="0.001"/>
  <system-out/>
  <testcase classname="com.task.automation.test.TestNG" name="f" time="0.006"/>
  <system-out/>
</testsuite> <!-- com.task.automation.test.TestNG -->
